# JRE version: OpenJDK Runtime Environment (8.0_76-b03) (build 1.8.0_76-release-b03)
# Java VM: OpenJDK 64-Bit Server VM (25.76-b03 mixed mode windows-amd64 compressed oops)
Heap:
 PSYoungGen      total 307200K, used 307185K [0x00000000e0000000, 0x0000000100000000, 0x0000000100000000)
  eden space 175104K, 100% used [0x00000000e0000000,0x00000000eab00000,0x00000000eab00000)
  from space 132096K, 99% used [0x00000000f7f00000,0x00000000ffffc538,0x0000000100000000)
  to   space 174592K, 15% used [0x00000000eab00000,0x00000000ec603338,0x00000000f5580000)
 ParOldGen       total 628224K, used 434654K [0x00000000a0000000, 0x00000000c6580000, 0x00000000e0000000)
  object space 628224K, 69% used [0x00000000a0000000,0x00000000ba877848,0x00000000c6580000)
 Metaspace       used 86899K, capacity 92076K, committed 92336K, reserved 1130496K
  class space    used 10906K, capacity 11876K, committed 11952K, reserved 1048576K
GC Heap History (10 events):
Event: 3682.622 GC heap after
Heap after GC invocations=167 (full 17):
 PSYoungGen      total 385024K, used 72817K [0x00000000e0000000, 0x0000000100000000, 0x0000000100000000)
  eden space 268288K, 0% used [0x00000000e0000000,0x00000000e0000000,0x00000000f0600000)
  from space 116736K, 62% used [0x00000000f8e00000,0x00000000fd51c5d0,0x0000000100000000)
  to   space 128000K, 0% used [0x00000000f0600000,0x00000000f0600000,0x00000000f8300000)
 ParOldGen       total 628224K, used 194704K [0x00000000a0000000, 0x00000000c6580000, 0x00000000e0000000)
  object space 628224K, 30% used [0x00000000a0000000,0x00000000abe24290,0x00000000c6580000)
 Metaspace       used 86894K, capacity 92076K, committed 92336K, reserved 1130496K
  class space    used 10906K, capacity 11876K, committed 11952K, reserved 1048576K
}
Event: 3682.897 GC heap before
{Heap before GC invocations=168 (full 17):
 PSYoungGen      total 385024K, used 341105K [0x00000000e0000000, 0x0000000100000000, 0x0000000100000000)
  eden space 268288K, 100% used [0x00000000e0000000,0x00000000f0600000,0x00000000f0600000)
  from space 116736K, 62% used [0x00000000f8e00000,0x00000000fd51c5d0,0x0000000100000000)
  to   space 128000K, 0% used [0x00000000f0600000,0x00000000f0600000,0x00000000f8300000)
 ParOldGen       total 628224K, used 194704K [0x00000000a0000000, 0x00000000c6580000, 0x00000000e0000000)
  object space 628224K, 30% used [0x00000000a0000000,0x00000000abe24290,0x00000000c6580000)
 Metaspace       used 86895K, capacity 92076K, committed 92336K, reserved 1130496K
  class space    used 10906K, capacity 11876K, committed 11952K, reserved 1048576K
Event: 3682.965 GC heap after
Heap after GC invocations=168 (full 17):
 PSYoungGen      total 396288K, used 74344K [0x00000000e0000000, 0x0000000100000000, 0x0000000100000000)
  eden space 268288K, 0% used [0x00000000e0000000,0x00000000e0000000,0x00000000f0600000)
  from space 128000K, 58% used [0x00000000f0600000,0x00000000f4e9a3a0,0x00000000f8300000)
  to   space 126464K, 0% used [0x00000000f8480000,0x00000000f8480000,0x0000000100000000)
 ParOldGen       total 628224K, used 202281K [0x00000000a0000000, 0x00000000c6580000, 0x00000000e0000000)
  object space 628224K, 32% used [0x00000000a0000000,0x00000000ac58a6f8,0x00000000c6580000)
 Metaspace       used 86895K, capacity 92076K, committed 92336K, reserved 1130496K
  class space    used 10906K, capacity 11876K, committed 11952K, reserved 1048576K
}
Event: 3683.486 GC heap before
{Heap before GC invocations=169 (full 17):
 PSYoungGen      total 396288K, used 342632K [0x00000000e0000000, 0x0000000100000000, 0x0000000100000000)
  eden space 268288K, 100% used [0x00000000e0000000,0x00000000f0600000,0x00000000f0600000)
  from space 128000K, 58% used [0x00000000f0600000,0x00000000f4e9a3a0,0x00000000f8300000)
  to   space 126464K, 0% used [0x00000000f8480000,0x00000000f8480000,0x0000000100000000)
 ParOldGen       total 628224K, used 202281K [0x00000000a0000000, 0x00000000c6580000, 0x00000000e0000000)
  object space 628224K, 32% used [0x00000000a0000000,0x00000000ac58a6f8,0x00000000c6580000)
 Metaspace       used 86897K, capacity 92076K, committed 92336K, reserved 1130496K
  class space    used 10906K, capacity 11876K, committed 11952K, reserved 1048576K
Event: 3683.606 GC heap after
Heap after GC invocations=169 (full 17):
 PSYoungGen      total 386560K, used 67216K [0x00000000e0000000, 0x00000000ff680000, 0x0000000100000000)
  eden space 269824K, 0% used [0x00000000e0000000,0x00000000e0000000,0x00000000f0780000)
  from space 116736K, 57% used [0x00000000f8480000,0x00000000fc6243b8,0x00000000ff680000)
  to   space 122368K, 0% used [0x00000000f0780000,0x00000000f0780000,0x00000000f7f00000)
 ParOldGen       total 628224K, used 218487K [0x00000000a0000000, 0x00000000c6580000, 0x00000000e0000000)
  object space 628224K, 34% used [0x00000000a0000000,0x00000000ad55df40,0x00000000c6580000)
 Metaspace       used 86897K, capacity 92076K, committed 92336K, reserved 1130496K
  class space    used 10906K, capacity 11876K, committed 11952K, reserved 1048576K
}
Event: 3683.901 GC heap before
{Heap before GC invocations=170 (full 17):
 PSYoungGen      total 386560K, used 337040K [0x00000000e0000000, 0x00000000ff680000, 0x0000000100000000)
  eden space 269824K, 100% used [0x00000000e0000000,0x00000000f0780000,0x00000000f0780000)
  from space 116736K, 57% used [0x00000000f8480000,0x00000000fc6243b8,0x00000000ff680000)
  to   space 122368K, 0% used [0x00000000f0780000,0x00000000f0780000,0x00000000f7f00000)
 ParOldGen       total 628224K, used 218487K [0x00000000a0000000, 0x00000000c6580000, 0x00000000e0000000)
  object space 628224K, 34% used [0x00000000a0000000,0x00000000ad55df40,0x00000000c6580000)
 Metaspace       used 86899K, capacity 92076K, committed 92336K, reserved 1130496K
  class space    used 10906K, capacity 11876K, committed 11952K, reserved 1048576K
Event: 3683.985 GC heap after
Heap after GC invocations=170 (full 17):
 PSYoungGen      total 392192K, used 122365K [0x00000000e0000000, 0x0000000100000000, 0x0000000100000000)
  eden space 269824K, 0% used [0x00000000e0000000,0x00000000e0000000,0x00000000f0780000)
  from space 122368K, 99% used [0x00000000f0780000,0x00000000f7eff578,0x00000000f7f00000)
  to   space 132096K, 0% used [0x00000000f7f00000,0x00000000f7f00000,0x0000000100000000)
 ParOldGen       total 628224K, used 251726K [0x00000000a0000000, 0x00000000c6580000, 0x00000000e0000000)
  object space 628224K, 40% used [0x00000000a0000000,0x00000000af5d38c8,0x00000000c6580000)
 Metaspace       used 86899K, capacity 92076K, committed 92336K, reserved 1130496K
  class space    used 10906K, capacity 11876K, committed 11952K, reserved 1048576K
}
Event: 3684.163 GC heap before
{Heap before GC invocations=171 (full 17):
 PSYoungGen      total 392192K, used 392189K [0x00000000e0000000, 0x0000000100000000, 0x0000000100000000)
  eden space 269824K, 100% used [0x00000000e0000000,0x00000000f0780000,0x00000000f0780000)
  from space 122368K, 99% used [0x00000000f0780000,0x00000000f7eff578,0x00000000f7f00000)
  to   space 132096K, 0% used [0x00000000f7f00000,0x00000000f7f00000,0x0000000100000000)
 ParOldGen       total 628224K, used 251726K [0x00000000a0000000, 0x00000000c6580000, 0x00000000e0000000)
  object space 628224K, 40% used [0x00000000a0000000,0x00000000af5d38c8,0x00000000c6580000)
 Metaspace       used 86899K, capacity 92076K, committed 92336K, reserved 1130496K
  class space    used 10906K, capacity 11876K, committed 11952K, reserved 1048576K
Event: 3684.276 GC heap after
Heap after GC invocations=171 (full 17):
 PSYoungGen      total 307200K, used 132081K [0x00000000e0000000, 0x0000000100000000, 0x0000000100000000)
  eden space 175104K, 0% used [0x00000000e0000000,0x00000000e0000000,0x00000000eab00000)
  from space 132096K, 99% used [0x00000000f7f00000,0x00000000ffffc538,0x0000000100000000)
  to   space 174592K, 0% used [0x00000000eab00000,0x00000000eab00000,0x00000000f5580000)
 ParOldGen       total 628224K, used 309055K [0x00000000a0000000, 0x00000000c6580000, 0x00000000e0000000)
  object space 628224K, 49% used [0x00000000a0000000,0x00000000b2dcfe88,0x00000000c6580000)
 Metaspace       used 86899K, capacity 92076K, committed 92336K, reserved 1130496K
  class space    used 10906K, capacity 11876K, committed 11952K, reserved 1048576K
}
Event: 3684.979 GC heap before
{Heap before GC invocations=172 (full 17):
 PSYoungGen      total 307200K, used 307185K [0x00000000e0000000, 0x0000000100000000, 0x0000000100000000)
  eden space 175104K, 100% used [0x00000000e0000000,0x00000000eab00000,0x00000000eab00000)
  from space 132096K, 99% used [0x00000000f7f00000,0x00000000ffffc538,0x0000000100000000)
  to   space 174592K, 0% used [0x00000000eab00000,0x00000000eab00000,0x00000000f5580000)
 ParOldGen       total 628224K, used 309055K [0x00000000a0000000, 0x00000000c6580000, 0x00000000e0000000)
  object space 628224K, 49% used [0x00000000a0000000,0x00000000b2dcfe88,0x00000000c6580000)
 Metaspace       used 86899K, capacity 92076K, committed 92336K, reserved 1130496K
  class space    used 10906K, capacity 11876K, committed 11952K, reserved 1048576K

